<?xml version="1.0" encoding="UTF-8"?>
<!-- Generated by org.testng.reporters.JUnitReportReporter -->
<testsuite hostname="MAVBCP3668" failures="0" tests="1" name="MavenProject.WaitTest" time="41.712" errors="0" timestamp="2021-10-07T15:16:59 IST" skipped="0">
  <testcase classname="MavenProject.WaitTest" name="testUntitled" time="41.712"/>
  <system-out/>
</testsuite> <!-- MavenProject.WaitTest -->
