<?xml version="1.0" encoding="UTF-8"?>
<!-- Generated by org.testng.reporters.JUnitReportReporter -->
<testsuite hostname="MAVBCP3668" failures="0" tests="2" name="MavenProject.Login" time="0.016" errors="0" timestamp="2021-10-13T09:48:25 IST" skipped="0">
  <testcase classname="MavenProject.Login" name="WebPageLogin" time="0.011"/>
  <system-out/>
  <testcase classname="MavenProject.Login" name="LoginPage" time="0.005"/>
  <system-out/>
</testsuite> <!-- MavenProject.Login -->
