<?xml version="1.0" encoding="UTF-8"?>
<!-- Generated by org.testng.reporters.JUnitReportReporter -->
<testsuite hostname="MAVBCP3668" failures="0" tests="1" name="MavenProject.VerifyWordpressLogin" time="9.122" errors="0" timestamp="2021-10-07T10:05:08 IST" skipped="0">
  <testcase classname="MavenProject.VerifyWordpressLogin" name="verifyValidLogin" time="9.122"/>
  <system-out/>
</testsuite> <!-- MavenProject.VerifyWordpressLogin -->
