<?xml version="1.0" encoding="UTF-8"?>
<!-- Generated by org.testng.reporters.JUnitReportReporter -->
<testsuite hostname="MAVBCP3668" failures="0" tests="1" name="MavenProject.Close" time="0.003" errors="0" timestamp="2021-10-06T14:14:28 IST" skipped="0">
  <testcase classname="MavenProject.Close" name="TestAnnotations" time="0.003"/>
  <system-out/>
</testsuite> <!-- MavenProject.Close -->
