<?xml version="1.0" encoding="UTF-8"?>
<!-- Generated by org.testng.reporters.JUnitReportReporter -->
<testsuite hostname="MAVBCP3668" failures="0" tests="1" name="MavenProject.Orange" time="17.252" errors="0" timestamp="2021-10-13T09:48:25 IST" skipped="0">
  <testcase classname="MavenProject.Orange" name="ValidLogin" time="17.252"/>
  <system-out/>
</testsuite> <!-- MavenProject.Orange -->
