<?xml version="1.0" encoding="UTF-8"?>
<!-- Generated by org.testng.reporters.JUnitReportReporter -->
<testsuite hostname="MAVBCP3668" failures="0" tests="2" name="MavenProject.Demo" time="0.012" errors="0" timestamp="2021-10-06T13:35:01 IST" skipped="0">
  <testcase classname="MavenProject.Demo" name="DayTwo" time="0.002"/>
  <system-out/>
  <testcase classname="MavenProject.Demo" name="DayOne" time="0.010"/>
  <system-out/>
</testsuite> <!-- MavenProject.Demo -->
